<?xml version="1.0" encoding="UTF-8"?>
<testng-results ignored="0" total="4" passed="3" failed="1" skipped="0">
  <reporter-output>
  </reporter-output>
  <suite started-at="2023-11-26T11:13:49 AST" name="Surefire suite" finished-at="2023-11-26T11:14:23 AST" duration-ms="34038">
    <groups>
    </groups>
    <test started-at="2023-11-26T11:13:49 AST" name="Surefire test" finished-at="2023-11-26T11:14:23 AST" duration-ms="34038">
      <class name="com.qacart.todo.testcases.SignupTest">
        <test-method is-config="true" signature="setup()[pri:0, instance:com.qacart.todo.testcases.SignupTest@659925f4]" started-at="2023-11-26T11:13:49 AST" name="setup" finished-at="2023-11-26T11:13:55 AST" duration-ms="5927" status="PASS">
          <reporter-output>
          </reporter-output>
        </test-method> <!-- setup -->
        <test-method signature="checkSignUpFunctionality()[pri:0, instance:com.qacart.todo.testcases.SignupTest@659925f4]" started-at="2023-11-26T11:13:55 AST" name="checkSignUpFunctionality" description="Verify that the signup functionality" finished-at="2023-11-26T11:14:05 AST" duration-ms="9206" status="PASS">
          <reporter-output>
          </reporter-output>
        </test-method> <!-- checkSignUpFunctionality -->
        <test-method is-config="true" signature="teardown(org.testng.ITestResult)[pri:0, instance:com.qacart.todo.testcases.SignupTest@659925f4]" started-at="2023-11-26T11:14:05 AST" name="teardown" finished-at="2023-11-26T11:14:05 AST" duration-ms="594" status="PASS">
          <params>
            <param index="0">
              <value>
                <![CDATA[[TestResult name=checkSignUpFunctionality status=SUCCESS method=SignupTest.checkSignUpFunctionality()[pri:0, instance:com.qacart.todo.testcases.SignupTest@659925f4] output={null}]]]>
              </value>
            </param>
          </params>
          <reporter-output>
          </reporter-output>
        </test-method> <!-- teardown -->
        <test-method is-config="true" signature="setup()[pri:0, instance:com.qacart.todo.testcases.SignupTest@659925f4]" started-at="2023-11-26T11:14:05 AST" name="setup" finished-at="2023-11-26T11:14:06 AST" duration-ms="859" status="PASS">
          <reporter-output>
          </reporter-output>
        </test-method> <!-- setup -->
        <test-method signature="checkfunctionalityOfLogin()[pri:0, instance:com.qacart.todo.testcases.SignupTest@659925f4]" started-at="2023-11-26T11:14:06 AST" name="checkfunctionalityOfLogin" description="Verify that the login functionality" finished-at="2023-11-26T11:14:11 AST" duration-ms="5035" status="PASS">
          <reporter-output>
          </reporter-output>
        </test-method> <!-- checkfunctionalityOfLogin -->
        <test-method is-config="true" signature="teardown(org.testng.ITestResult)[pri:0, instance:com.qacart.todo.testcases.SignupTest@659925f4]" started-at="2023-11-26T11:14:11 AST" name="teardown" finished-at="2023-11-26T11:14:12 AST" duration-ms="534" status="PASS">
          <params>
            <param index="0">
              <value>
                <![CDATA[[TestResult name=checkfunctionalityOfLogin status=SUCCESS method=SignupTest.checkfunctionalityOfLogin()[pri:0, instance:com.qacart.todo.testcases.SignupTest@659925f4] output={null}]]]>
              </value>
            </param>
          </params>
          <reporter-output>
          </reporter-output>
        </test-method> <!-- teardown -->
      </class> <!-- com.qacart.todo.testcases.SignupTest -->
      <class name="com.qacart.todo.testcases.TodoTest">
        <test-method is-config="true" signature="setup()[pri:0, instance:com.qacart.todo.testcases.TodoTest@322803db]" started-at="2023-11-26T11:13:49 AST" name="setup" finished-at="2023-11-26T11:13:55 AST" duration-ms="5919" status="PASS">
          <reporter-output>
          </reporter-output>
        </test-method> <!-- setup -->
        <test-method signature="checkFunctionOfDeleteTask()[pri:0, instance:com.qacart.todo.testcases.TodoTest@322803db]" started-at="2023-11-26T11:13:55 AST" name="checkFunctionOfDeleteTask" finished-at="2023-11-26T11:14:13 AST" duration-ms="17822" status="PASS">
          <reporter-output>
          </reporter-output>
        </test-method> <!-- checkFunctionOfDeleteTask -->
        <test-method is-config="true" signature="teardown(org.testng.ITestResult)[pri:0, instance:com.qacart.todo.testcases.TodoTest@322803db]" started-at="2023-11-26T11:14:13 AST" name="teardown" finished-at="2023-11-26T11:14:14 AST" duration-ms="506" status="PASS">
          <params>
            <param index="0">
              <value>
                <![CDATA[[TestResult name=checkFunctionOfDeleteTask status=SUCCESS method=TodoTest.checkFunctionOfDeleteTask()[pri:0, instance:com.qacart.todo.testcases.TodoTest@322803db] output={null}]]]>
              </value>
            </param>
          </params>
          <reporter-output>
          </reporter-output>
        </test-method> <!-- teardown -->
        <test-method is-config="true" signature="setup()[pri:0, instance:com.qacart.todo.testcases.TodoTest@322803db]" started-at="2023-11-26T11:14:14 AST" name="setup" finished-at="2023-11-26T11:14:15 AST" duration-ms="834" status="PASS">
          <reporter-output>
          </reporter-output>
        </test-method> <!-- setup -->
        <test-method signature="checkFunctionalityOfAddTask()[pri:0, instance:com.qacart.todo.testcases.TodoTest@322803db]" started-at="2023-11-26T11:14:15 AST" name="checkFunctionalityOfAddTask" finished-at="2023-11-26T11:14:23 AST" duration-ms="8491" status="FAIL">
          <exception class="java.lang.AssertionError">
            <message>
              <![CDATA[expected [New Task Today] but found [My first task]]]>
            </message>
            <full-stacktrace>
              <![CDATA[java.lang.AssertionError: expected [New Task Today] but found [My first task]
at org.testng.Assert.fail(Assert.java:111)
at org.testng.Assert.failNotEquals(Assert.java:1578)
at org.testng.Assert.assertEqualsImpl(Assert.java:150)
at org.testng.Assert.assertEquals(Assert.java:132)
at org.testng.Assert.assertEquals(Assert.java:656)
at org.testng.Assert.assertEquals(Assert.java:666)
at com.qacart.todo.testcases.TodoTest.checkFunctionalityOfAddTask(TodoTest.java:44)
at java.base/jdk.internal.reflect.DirectMethodHandleAccessor.invoke(DirectMethodHandleAccessor.java:104)
at java.base/java.lang.reflect.Method.invoke(Method.java:578)
at org.testng.internal.invokers.MethodInvocationHelper.invokeMethod(MethodInvocationHelper.java:139)
at org.testng.internal.invokers.TestInvoker.invokeMethod(TestInvoker.java:664)
at org.testng.internal.invokers.TestInvoker.invokeTestMethod(TestInvoker.java:227)
at org.testng.internal.invokers.MethodRunner.runInSequence(MethodRunner.java:50)
at org.testng.internal.invokers.TestInvoker$MethodInvocationAgent.invoke(TestInvoker.java:957)
at org.testng.internal.invokers.TestInvoker.invokeTestMethods(TestInvoker.java:200)
at org.testng.internal.invokers.TestMethodWorker.invokeTestMethods(TestMethodWorker.java:148)
at org.testng.internal.invokers.TestMethodWorker.run(TestMethodWorker.java:128)
at java.base/java.util.concurrent.ThreadPoolExecutor.runWorker(ThreadPoolExecutor.java:1144)
at java.base/java.util.concurrent.ThreadPoolExecutor$Worker.run(ThreadPoolExecutor.java:642)
at java.base/java.lang.Thread.run(Thread.java:1589)
]]>
            </full-stacktrace>
          </exception> <!-- java.lang.AssertionError -->
          <reporter-output>
          </reporter-output>
        </test-method> <!-- checkFunctionalityOfAddTask -->
        <test-method is-config="true" signature="teardown(org.testng.ITestResult)[pri:0, instance:com.qacart.todo.testcases.TodoTest@322803db]" started-at="2023-11-26T11:14:23 AST" name="teardown" finished-at="2023-11-26T11:14:23 AST" duration-ms="246" status="PASS">
          <params>
            <param index="0">
              <value>
                <![CDATA[[TestResult name=checkFunctionalityOfAddTask status=FAILURE method=TodoTest.checkFunctionalityOfAddTask()[pri:0, instance:com.qacart.todo.testcases.TodoTest@322803db] output={null}]]]>
              </value>
            </param>
          </params>
          <reporter-output>
          </reporter-output>
        </test-method> <!-- teardown -->
      </class> <!-- com.qacart.todo.testcases.TodoTest -->
    </test> <!-- Surefire test -->
  </suite> <!-- Surefire suite -->
</testng-results>
